<?xml version="1.0" encoding="UTF-8"?>
<testsuite xmlns:xsi="http://www.w3.org/2001/XMLSchema-instance" xsi:noNamespaceSchemaLocation="https://maven.apache.org/surefire/maven-surefire-plugin/xsd/surefire-test-report.xsd" name="allTest.TestFunctions" time="5.716" tests="2" errors="0" skipped="0" failures="0">
  <properties>
[...]
</properties>
  <testcase name="testCrypt" classname="allTest.TestFunctions" time="0.007"/>
  <testcase name="testconnection" classname="allTest.TestFunctions" time="5.647"/>
</testsuite>